<?xml version="1.0" encoding="UTF-8"?>
<!-- Generated by org.testng.reporters.JUnitReportReporter -->
<testsuite hostname="AnkitKumar" failures="0" tests="1" name="Tests.TC02_LogisticWareHouseInventoryManagementPage" time="26.809" errors="0" timestamp="2023-09-01T15:44:13 IST" skipped="0">
  <testcase classname="Tests.TC02_LogisticWareHouseInventoryManagementPage" name="ManageWareHouse" time="26.809"/>
</testsuite> <!-- Tests.TC02_LogisticWareHouseInventoryManagementPage -->
